This is pdfTeX, Version 3.1415926-2.4-1.40.13 (TeX Live 2012/Debian) (format=pdflatex 2013.5.6)  17 MAY 2013 02:07
entering extended mode
 restricted \write18 enabled.
 %&-line parsing enabled.
**main.tex
(./main.tex
LaTeX2e <2011/06/27>
Babel <v3.8m> and hyphenation patterns for english, dumylang, nohyphenation, lo
aded.
(/usr/share/texlive/texmf-dist/tex/latex/base/article.cls
Document Class: article 2007/10/19 v1.4h Standard LaTeX document class
(/usr/share/texlive/texmf-dist/tex/latex/base/size12.clo
File: size12.clo 2007/10/19 v1.4h Standard LaTeX file (size option)
)
\c@part=\count79
\c@section=\count80
\c@subsection=\count81
\c@subsubsection=\count82
\c@paragraph=\count83
\c@subparagraph=\count84
\c@figure=\count85
\c@table=\count86
\abovecaptionskip=\skip41
\belowcaptionskip=\skip42
\bibindent=\dimen102
)
(/usr/share/texlive/texmf-dist/tex/latex/geometry/geometry.sty
Package: geometry 2010/09/12 v5.6 Page Geometry

(/usr/share/texlive/texmf-dist/tex/latex/graphics/keyval.sty
Package: keyval 1999/03/16 v1.13 key=value parser (DPC)
\KV@toks@=\toks14
)
(/usr/share/texlive/texmf-dist/tex/generic/oberdiek/ifpdf.sty
Package: ifpdf 2011/01/30 v2.3 Provides the ifpdf switch (HO)
Package ifpdf Info: pdfTeX in PDF mode is detected.
)
(/usr/share/texlive/texmf-dist/tex/generic/oberdiek/ifvtex.sty
Package: ifvtex 2010/03/01 v1.5 Detect VTeX and its facilities (HO)
Package ifvtex Info: VTeX not detected.
)
(/usr/share/texlive/texmf-dist/tex/generic/ifxetex/ifxetex.sty
Package: ifxetex 2010/09/12 v0.6 Provides ifxetex conditional
)
\Gm@cnth=\count87
\Gm@cntv=\count88
\c@Gm@tempcnt=\count89
\Gm@bindingoffset=\dimen103
\Gm@wd@mp=\dimen104
\Gm@odd@mp=\dimen105
\Gm@even@mp=\dimen106
\Gm@layoutwidth=\dimen107
\Gm@layoutheight=\dimen108
\Gm@layouthoffset=\dimen109
\Gm@layoutvoffset=\dimen110
\Gm@dimlist=\toks15
)
(/usr/share/texlive/texmf-dist/tex/latex/base/doc.sty
Package: doc 2010/02/04 v2.1e Standard LaTeX documentation package (FMi)
\c@StandardModuleDepth=\count90
\guard@level=\count91
\MacrocodeTopsep=\skip43
\MacroIndent=\dimen111
\macro@cnt=\count92
\MacroTopsep=\skip44
\index@excludelist=\toks16

(/usr/share/texlive/texmf-dist/tex/latex/tools/multicol.sty
Package: multicol 2011/06/27 v1.7a multicolumn formatting (FMi)
\c@tracingmulticols=\count93
\mult@box=\box26
\multicol@leftmargin=\dimen112
\c@unbalance=\count94
\c@collectmore=\count95
\doublecol@number=\count96
\multicoltolerance=\count97
\multicolpretolerance=\count98
\full@width=\dimen113
\page@free=\dimen114
\premulticols=\dimen115
\postmulticols=\dimen116
\multicolsep=\skip45
\multicolbaselineskip=\skip46
\partial@page=\box27
\last@line=\box28
\mult@rightbox=\box29
\mult@grightbox=\box30
\mult@gfirstbox=\box31
\mult@firstbox=\box32
\@tempa=\box33
\@tempa=\box34
\@tempa=\box35
\@tempa=\box36
\@tempa=\box37
\@tempa=\box38
\@tempa=\box39
\@tempa=\box40
\@tempa=\box41
\@tempa=\box42
\@tempa=\box43
\@tempa=\box44
\@tempa=\box45
\@tempa=\box46
\@tempa=\box47
\@tempa=\box48
\@tempa=\box49
\c@columnbadness=\count99
\c@finalcolumnbadness=\count100
\last@try=\dimen117
\multicolovershoot=\dimen118
\multicolundershoot=\dimen119
\mult@nat@firstbox=\box50
\colbreak@box=\box51
\multicol@sort@counter=\count101
)
\IndexMin=\dimen120
\c@IndexColumns=\count102
\GlossaryMin=\dimen121
\c@GlossaryColumns=\count103
\check@sum=\count104
\bslash@cnt=\count105
\wrong@table=\toks17
\c@CodelineNo=\count106
)
(/usr/share/texlive/texmf-dist/tex/latex/cite/cite.sty
LaTeX Info: Redefining \cite on input line 302.
LaTeX Info: Redefining \nocite on input line 373.
Package: cite 2010/09/10  v 5.3
)
(/usr/share/texlive/texmf-dist/tex/latex/url/url.sty
\Urlmuskip=\muskip10
Package: url 2006/04/12  ver 3.3  Verb mode for urls, etc.
)
(/usr/share/texlive/texmf-dist/tex/latex/graphics/color.sty
Package: color 2005/11/14 v1.0j Standard LaTeX Color (DPC)

(/usr/share/texlive/texmf-dist/tex/latex/latexconfig/color.cfg
File: color.cfg 2007/01/18 v1.5 color configuration of teTeX/TeXLive
)
Package color Info: Driver file: pdftex.def on input line 130.

(/usr/share/texlive/texmf-dist/tex/latex/pdftex-def/pdftex.def
File: pdftex.def 2011/05/27 v0.06d Graphics/color for pdfTeX

(/usr/share/texlive/texmf-dist/tex/generic/oberdiek/infwarerr.sty
Package: infwarerr 2010/04/08 v1.3 Providing info/warning/error messages (HO)
)
(/usr/share/texlive/texmf-dist/tex/generic/oberdiek/ltxcmds.sty
Package: ltxcmds 2011/11/09 v1.22 LaTeX kernel commands for general use (HO)
)
\Gread@gobject=\count107
))
(/usr/share/texlive/texmf-dist/tex/latex/graphics/graphicx.sty
Package: graphicx 1999/02/16 v1.0f Enhanced LaTeX Graphics (DPC,SPQR)

(/usr/share/texlive/texmf-dist/tex/latex/graphics/graphics.sty
Package: graphics 2009/02/05 v1.0o Standard LaTeX Graphics (DPC,SPQR)

(/usr/share/texlive/texmf-dist/tex/latex/graphics/trig.sty
Package: trig 1999/03/16 v1.09 sin cos tan (DPC)
)
(/usr/share/texlive/texmf-dist/tex/latex/latexconfig/graphics.cfg
File: graphics.cfg 2010/04/23 v1.9 graphics configuration of TeX Live
)
Package graphics Info: Driver file: pdftex.def on input line 91.
)
\Gin@req@height=\dimen122
\Gin@req@width=\dimen123
)
(/usr/share/texlive/texmf-dist/tex/latex/oberdiek/epstopdf.sty
Package: epstopdf 2010/02/09 v2.5 Conversion with epstopdf on the fly (HO)

(/usr/share/texlive/texmf-dist/tex/latex/oberdiek/epstopdf-base.sty
Package: epstopdf-base 2010/02/09 v2.5 Base part for package epstopdf

(/usr/share/texlive/texmf-dist/tex/latex/oberdiek/grfext.sty
Package: grfext 2010/08/19 v1.1 Manage graphics extensions (HO)

(/usr/share/texlive/texmf-dist/tex/generic/oberdiek/kvdefinekeys.sty
Package: kvdefinekeys 2011/04/07 v1.3 Define keys (HO)
))
(/usr/share/texlive/texmf-dist/tex/latex/oberdiek/kvoptions.sty
Package: kvoptions 2011/06/30 v3.11 Key value format for package options (HO)

(/usr/share/texlive/texmf-dist/tex/generic/oberdiek/kvsetkeys.sty
Package: kvsetkeys 2012/04/25 v1.16 Key value parser (HO)

(/usr/share/texlive/texmf-dist/tex/generic/oberdiek/etexcmds.sty
Package: etexcmds 2011/02/16 v1.5 Avoid name clashes with e-TeX commands (HO)

(/usr/share/texlive/texmf-dist/tex/generic/oberdiek/ifluatex.sty
Package: ifluatex 2010/03/01 v1.3 Provides the ifluatex switch (HO)
Package ifluatex Info: LuaTeX not detected.
)
Package etexcmds Info: Could not find \expanded.
(etexcmds)             That can mean that you are not using pdfTeX 1.50 or
(etexcmds)             that some package has redefined \expanded.
(etexcmds)             In the latter case, load this package earlier.
)))
(/usr/share/texlive/texmf-dist/tex/generic/oberdiek/pdftexcmds.sty
Package: pdftexcmds 2011/11/29 v0.20 Utility functions of pdfTeX for LuaTeX (HO
)
Package pdftexcmds Info: LuaTeX not detected.
Package pdftexcmds Info: \pdf@primitive is available.
Package pdftexcmds Info: \pdf@ifprimitive is available.
Package pdftexcmds Info: \pdfdraftmode found.
)
Package grfext Info: Graphics extension search list:
(grfext)             [.png,.pdf,.jpg,.mps,.jpeg,.jbig2,.jb2,.PNG,.PDF,.JPG,.JPE
G,.JBIG2,.JB2,.eps]
(grfext)             \AppendGraphicsExtensions on input line 452.

(/usr/share/texlive/texmf-dist/tex/latex/latexconfig/epstopdf-sys.cfg
File: epstopdf-sys.cfg 2010/07/13 v1.3 Configuration of (r)epstopdf for TeX Liv
e
)))
(./main.aux)
\openout1 = `main.aux'.

LaTeX Font Info:    Checking defaults for OML/cmm/m/it on input line 42.
LaTeX Font Info:    ... okay on input line 42.
LaTeX Font Info:    Checking defaults for T1/cmr/m/n on input line 42.
LaTeX Font Info:    ... okay on input line 42.
LaTeX Font Info:    Checking defaults for OT1/cmr/m/n on input line 42.
LaTeX Font Info:    ... okay on input line 42.
LaTeX Font Info:    Checking defaults for OMS/cmsy/m/n on input line 42.
LaTeX Font Info:    ... okay on input line 42.
LaTeX Font Info:    Checking defaults for OMX/cmex/m/n on input line 42.
LaTeX Font Info:    ... okay on input line 42.
LaTeX Font Info:    Checking defaults for U/cmr/m/n on input line 42.
LaTeX Font Info:    ... okay on input line 42.

*geometry* driver: auto-detecting
*geometry* detected driver: pdftex
*geometry* verbose mode - [ preamble ] result:
* driver: pdftex
* paper: letterpaper
* layout: <same size as paper>
* layoutoffset:(h,v)=(0.0pt,0.0pt)
* modes: 
* h-part:(L,W,R)=(92.14519pt, 430.00462pt, 92.14519pt)
* v-part:(T,H,B)=(95.39737pt, 556.47656pt, 143.09605pt)
* \paperwidth=614.295pt
* \paperheight=794.96999pt
* \textwidth=430.00462pt
* \textheight=556.47656pt
* \oddsidemargin=19.8752pt
* \evensidemargin=19.8752pt
* \topmargin=-13.87262pt
* \headheight=12.0pt
* \headsep=25.0pt
* \topskip=12.0pt
* \footskip=30.0pt
* \marginparwidth=96.0pt
* \marginparsep=10.0pt
* \columnsep=10.0pt
* \skip\footins=10.8pt plus 4.0pt minus 2.0pt
* \hoffset=0.0pt
* \voffset=0.0pt
* \mag=1000
* \@twocolumnfalse
* \@twosidefalse
* \@mparswitchfalse
* \@reversemargintrue
* (1in=72.27pt=25.4mm, 1cm=28.453pt)

(/usr/share/texlive/texmf-dist/tex/context/base/supp-pdf.mkii
[Loading MPS to PDF converter (version 2006.09.02).]
\scratchcounter=\count108
\scratchdimen=\dimen124
\scratchbox=\box52
\nofMPsegments=\count109
\nofMParguments=\count110
\everyMPshowfont=\toks18
\MPscratchCnt=\count111
\MPscratchDim=\dimen125
\MPnumerator=\count112
\makeMPintoPDFobject=\count113
\everyMPtoPDFconversion=\toks19
)
LaTeX Font Info:    External font `cmex10' loaded for size
(Font)              <14.4> on input line 45.
LaTeX Font Info:    External font `cmex10' loaded for size
(Font)              <7> on input line 45.
 [1

{/var/lib/texmf/fonts/map/pdftex/updmap/pdftex.map}] (./main.toc
LaTeX Font Info:    External font `cmex10' loaded for size
(Font)              <10.95> on input line 3.
LaTeX Font Info:    External font `cmex10' loaded for size
(Font)              <8> on input line 3.
LaTeX Font Info:    External font `cmex10' loaded for size
(Font)              <6> on input line 3.
)
\tf@toc=\write3
\openout3 = `main.toc'.

 [2]
(./introduction.tex) (./background.tex [3]
Missing character: There is no â in font cmr10!
Missing character: There is no € in font cmr10!
Missing character: There is no ™ in font cmr10!
 [4] [5] [6]
Missing character: There is no â in font cmr10!
Missing character: There is no € in font cmr10!
Missing character: There is no ™ in font cmr10!
 [7]) (./evaluation.tex
[8] [9] [10]) (./prescription.tex [11] [12] [13] [14] [15]) (./conclusion.tex)
(./main.bbl
Missing character: There is no â in font cmr10!
Missing character: There is no € in font cmr10!
Missing character: There is no ™ in font cmr10!
Missing character: There is no â in font cmr10!
Missing character: There is no € in font cmr10!
Missing character: There is no ™ in font cmr10!

Underfull \hbox (badness 10000) in paragraph at lines 29--34
[]\OT1/cmr/m/n/10.95 Alex Fowler.  'fire-fox get-ting smarter about third-
 []


Underfull \hbox (badness 10000) in paragraph at lines 29--34
\OT1/cmr/m/n/10.95 party cook-ies'.  \OT1/cmr/m/it/10.95 Mozilla\OT1/cmr/m/n/10
.95 , Feb 2013.  avail-able at:
 []


Underfull \hbox (badness 10000) in paragraph at lines 29--34
\OT1/cmr/m/n/10.95 https://blog.mozilla.org/privacy/2013/02/25/firefox-getting-
smarter-
 []

[16]
Underfull \hbox (badness 2837) in paragraph at lines 36--40
[]\OT1/cmr/m/n/10.95 Wall Street Jour-nal.  'what they know'.  See on-go-ing se
-ries,
 []


Underfull \hbox (badness 10000) in paragraph at lines 48--53
[]\OT1/cmr/m/n/10.95 Julia Angwin.  The web's new gold mine:
 []


Underfull \hbox (badness 10000) in paragraph at lines 48--53
\OT1/cmr/m/n/10.95 Your se-crets.  July 2010.  avail-able at:
 []


Overfull \hbox (63.13023pt too wide) in paragraph at lines 48--53
\OT1/cmr/m/n/10.95 http://online.wsj.com/article/SB1000142405274870394090457539
5073512989404.html. 
 []


Underfull \hbox (badness 10000) in paragraph at lines 55--58
[]\OT1/cmr/m/n/10.95 Berkeley Law.  Web pri-vacy cen-cus.  avail-able at:
 []


Underfull \hbox (badness 3826) in paragraph at lines 60--64
[]\OT1/cmr/m/n/10.95 Mary Meeker.  'in-ter-net trends'.  May 2012.  avail-able 
at:
 []


Underfull \hbox (badness 10000) in paragraph at lines 66--71
[]\OT1/cmr/m/n/10.95 Scott Thurm and Yukari Kane.  'your apps are watch-ing
 []


Underfull \hbox (badness 6526) in paragraph at lines 66--71
\OT1/cmr/m/n/10.95 you'.  \OT1/cmr/m/it/10.95 The Wall Street Jour-nal\OT1/cmr/
m/n/10.95 , Dec 2010.  avail-able at:
 []


Overfull \hbox (63.13023pt too wide) in paragraph at lines 66--71
\OT1/cmr/m/n/10.95 http://online.wsj.com/article/SB1000142405274870469400457602
0083703574602.html. 
 []

Missing character: There is no â in font cmr10!
Missing character: There is no € in font cmr10!
Missing character: There is no ™ in font cmr10!

Underfull \hbox (badness 10000) in paragraph at lines 101--105
[]\OT1/cmr/m/n/10.95 Johnathan Mayer.  'sa-fari track-ers'.  avail-able at:
 []

[17]
Underfull \hbox (badness 7504) in paragraph at lines 114--120
[]\OT1/cmr/m/n/10.95 Darrell Ether-ing-ton.  Study: Av-er-age dis-play size cli
mb-ing
 []


Underfull \hbox (badness 6252) in paragraph at lines 114--120
\OT1/cmr/m/n/10.95 on all de-vices ex-cept for mo-bile pcs.  Oct 2012.  avail-
 []


Underfull \hbox (badness 7558) in paragraph at lines 122--127
\OT1/cmr/m/n/10.95 avail-able at: http://mobilemarketingmagazine.com/content/mo
bile-
 []


Underfull \hbox (badness 7944) in paragraph at lines 129--132
[]\OT1/cmr/m/n/10.95 This is out-lined in the fu-ture plans for the pay-ment sy
s-
 []


Underfull \hbox (badness 5288) in paragraph at lines 129--132
\OT1/cmr/m/n/10.95 tem, Square. See Jack Dorsey's talk (founder of Square) at:
 []


Underfull \hbox (badness 2772) in paragraph at lines 150--154
[]\OT1/cmr/m/n/10.95 'interactive me-dia ad-ver-tis-ing rates, ef-fec-tive febr
u-ary 27, 2012'.
 []


Underfull \hbox (badness 3492) in paragraph at lines 150--154
\OT1/cmr/m/n/10.95 Ad-ver-tis-ment quotes from tri-an-gle on-line net-work. Ava
il-able at:
 []


Overfull \hbox (29.03313pt too wide) in paragraph at lines 150--154
\OT1/cmr/m/n/10.95 http://media2.newsobserver.com/advertising/pdf/InteractiveRa
tesQ12012.pdf,
 []

[18]
Underfull \hbox (badness 10000) in paragraph at lines 186--191
[]\OT1/cmr/m/n/10.95 Felicia Williams.  Com-pli-ance to the fair in-
 []


Underfull \hbox (badness 10000) in paragraph at lines 186--191
\OT1/cmr/m/n/10.95 for-ma-tion prin-ci-ples.  2006.  avali-able at:
 []


Overfull \hbox (47.37437pt too wide) in paragraph at lines 186--191
\OT1/cmr/m/n/10.95 http://www.ftc.gov/os/comments/behavioraladvertising/071010f
eliciawilliams.pdf. 
 []


Underfull \hbox (badness 3919) in paragraph at lines 205--211
[]\OT1/cmr/m/n/10.95 The White House.  'con-sumer pri-vacy in a net-worked worl
d:
 []


Underfull \hbox (badness 6348) in paragraph at lines 205--211
\OT1/cmr/m/n/10.95 A frame-work for pro-tect-ing pri-vacy and pro-mot-ing in-no
-va-tion
 []


Underfull \hbox (badness 6927) in paragraph at lines 205--211
\OT1/cmr/m/n/10.95 in the global dig-i-tal econ-omy'.  Feb 2012.  avail-able at
:
 []


Underfull \hbox (badness 10000) in paragraph at lines 213--216
[]\OT1/cmr/m/n/10.95 Application pri-vacy, pro-tec-tion and se-cu-rity act.  In
-tro-
 []


Underfull \hbox (badness 10000) in paragraph at lines 213--216
\OT1/cmr/m/n/10.95 duced by Rep. John-son. More in-for-ma-tion avail-able at:
 []


Underfull \hbox (badness 10000) in paragraph at lines 213--216
\OT1/cmr/m/n/10.95 http://hankjohnson.house.gov/press-release/rep-johnson-intro
duces-
 []

Missing character: There is no â in font cmr10!
Missing character: There is no € in font cmr10!
Missing character: There is no Ž in font cmr10!
) [19] (./main.aux) ) 
Here is how much of TeX's memory you used:
 2531 strings out of 495059
 35785 string characters out of 3182031
 101245 words of memory out of 3000000
 5673 multiletter control sequences out of 15000+200000
 9763 words of font info for 34 fonts, out of 3000000 for 9000
 14 hyphenation exceptions out of 8191
 42i,6n,23p,1154b,224s stack positions out of 5000i,500n,10000p,200000b,50000s
</usr/share/texlive/texmf-dist/fonts/type1/public/amsfonts
/cm/cmbx10.pfb></usr/share/texlive/texmf-dist/fonts/type1/public/amsfonts/cm/cm
bx12.pfb></usr/share/texlive/texmf-dist/fonts/type1/public/amsfonts/cm/cmr10.pf
b></usr/share/texlive/texmf-dist/fonts/type1/public/amsfonts/cm/cmr12.pfb></usr
/share/texlive/texmf-dist/fonts/type1/public/amsfonts/cm/cmr17.pfb></usr/share/
texlive/texmf-dist/fonts/type1/public/amsfonts/cm/cmsy8.pfb></usr/share/texlive
/texmf-dist/fonts/type1/public/amsfonts/cm/cmti10.pfb>
Output written on main.pdf (19 pages, 139051 bytes).
PDF statistics:
 94 PDF objects out of 1000 (max. 8388607)
 65 compressed objects within 1 object stream
 0 named destinations out of 1000 (max. 500000)
 1 words of extra memory for PDF output out of 10000 (max. 10000000)

